Arguments: 
  C:\Program Files\nodejs\node.exe C:\Users\bwpra\AppData\Roaming\npm\node_modules\yarn\bin\yarn.js

PATH: 
  C:\Users\bwpra\bin;C:\Program Files\Git\mingw64\bin;C:\Program Files\Git\usr\local\bin;C:\Program Files\Git\usr\bin;C:\Program Files\Git\usr\bin;C:\Program Files\Git\mingw64\bin;C:\Program Files\Git\usr\bin;C:\Users\bwpra\bin;C:\Python311\Scripts;C:\Python311;C:\Windows\system32;C:\Windows;C:\Windows\System32\Wbem;C:\Windows\System32\WindowsPowerShell\v1.0;C:\Windows\System32\OpenSSH;C:\Program Files (x86)\NVIDIA Corporation\PhysX\Common;C:\Program Files\Git\cmd;C:\ProgramData\chocolatey\bin;C:\Program Files\Inkscape\bin;C:\Program Files\nodejs;C:\Users\bwpra\.console-ninja\.bin;C:\Users\bwpra\AppData\Local\Microsoft\WindowsApps;C:\Users\bwpra\AppData\Local\Programs\Microsoft VS Code\bin;C:\Users\bwpra\AppData\Roaming\npm;C:\Users\bwpra\AppData\Local\Programs\Microsoft VS Code Insiders\bin;C:\Users\bwpra\AppData\Local\Google\Cloud SDK\google-cloud-sdk\bin;C:\Program Files\Git\usr\bin\vendor_perl;C:\Program Files\Git\usr\bin\core_perl

Yarn version: 
  1.22.19

Node version: 
  18.16.0

Platform: 
  win32 x64

Trace: 
  Error: https://registry.yarnpkg.com/@labs%2fskeleton: Not found
      at params.callback [as _callback] (C:\Users\bwpra\AppData\Roaming\npm\node_modules\yarn\lib\cli.js:66145:18)
      at self.callback (C:\Users\bwpra\AppData\Roaming\npm\node_modules\yarn\lib\cli.js:140890:22)
      at Request.emit (node:events:513:28)
      at Request.<anonymous> (C:\Users\bwpra\AppData\Roaming\npm\node_modules\yarn\lib\cli.js:141862:10)
      at Request.emit (node:events:513:28)
      at IncomingMessage.<anonymous> (C:\Users\bwpra\AppData\Roaming\npm\node_modules\yarn\lib\cli.js:141784:12)
      at Object.onceWrapper (node:events:627:28)
      at IncomingMessage.emit (node:events:525:35)
      at endReadableNT (node:internal/streams/readable:1359:12)
      at process.processTicksAndRejections (node:internal/process/task_queues:82:21)

npm manifest: 
  {
  	"name": "sandbox",
  	"version": "0.0.1",
  	"scripts": {
  		"dev": "vite dev",
  		"build": "vite build",
  		"preview": "vite preview",
  		"check": "svelte-kit sync && svelte-check --tsconfig ./tsconfig.json",
  		"check:watch": "svelte-kit sync && svelte-check --tsconfig ./tsconfig.json --watch",
  		"lint": "prettier --plugin-search-dir . --check . && eslint .",
  		"format": "prettier --plugin-search-dir . --write ."
  	},
  	"devDependencies": {
  		"@fontsource/fira-mono": "^4.5.0",
  		"@neoconfetti/svelte": "^1.0.0",
  		"@sveltejs/adapter-auto": "next",
  		"@sveltejs/kit": "^1.22.6",
  		"@types/cookie": "^0.5.1",
  		"@typescript-eslint/eslint-plugin": "^5.27.0",
  		"@typescript-eslint/parser": "^5.27.0",
  		"eslint": "^8.16.0",
  		"eslint-config-prettier": "^8.3.0",
  		"eslint-plugin-svelte3": "^4.0.0",
  		"prettier": "^3.0.2",
  		"prettier-plugin-svelte": "^3.0.3",
  		"svelte": "^4.2.0",
  		"svelte-check": "^2.7.1",
  		"svelte-preprocess": "^5.0.4",
  		"tslib": "^2.3.1",
  		"typescript": "^5.1.6",
  		"vite": "^4.4.9"
  	},
  	"type": "module",
  	"dependencies": {
  		"@fontsource/inter": "^5.0.8",
  		"@fontsource/roboto": "^5.0.8",
  		"@labs/skeleton": "^1.12.0",
  		"@supabase/auth-helpers-sveltekit": "^0.10.2",
  		"@supabase/supabase-js": "^2.32.0",
  		"@sveltejs/adapter-vercel": "^3.0.3",
  		"@types/lodash": "^4.14.197",
  		"autoprefixer": "^10.4.15",
  		"class-variance-authority": "^0.7.0",
  		"lodash": "^4.17.21",
  		"lucide-svelte": "^0.268.0",
  		"postcss": "^8.4.27",
  		"tailwind-merge": "^1.14.0",
  		"tailwindcss": "^3.3.3",
  		"vite-plugin-svelte": "^3.0.1"
  	}
  }

yarn manifest: 
  No manifest

Lockfile: 
  No lockfile
